<?xml version="1.0" encoding="UTF-8"?>
<testsuite xmlns:xsi="http://www.w3.org/2001/XMLSchema-instance" xsi:noNamespaceSchemaLocation="https://maven.apache.org/surefire/maven-surefire-plugin/xsd/surefire-test-report-3.0.xsd" version="3.0" name="org.netra.features.donor.DonorProfileIntegrationTest" time="1.222" tests="11" errors="0" skipped="0" failures="0">
  <properties>
[...]
</properties>
  <testcase name="testDuplicateDonorProfileReturns409Conflict" classname="org.netra.features.donor.DonorProfileIntegrationTest" time="0.113">
    <system-out><![CDATA[2026-09-15T18:04:23.782+05:30  INFO 1864 --- [netra-backend] [           main] t.c.s.AnnotationConfigContextLoaderUtils : Could not detect default configuration classes for test class [org.netra.features.donor.DonorProfileIntegrationTest]: DonorProfileIntegrationTest does not declare any static, non-private, non-final, nested classes annotated with @Configuration.
2026-09-15T18:04:23.809+05:30  INFO 1864 --- [netra-backend] [           main] .b.t.c.SpringBootTestContextBootstrapper : Found @SpringBootConfiguration org.netra.NetraApplication for test class org.netra.features.donor.DonorProfileIntegrationTest
2026-09-15T18:04:23.913+05:30  INFO 1864 --- [netra-backend] [           main] org.netra.core.audit.AuditService        : Security audit event: type=DONOR_PROFILE_CREATED, userId=440d31af-78e9-4406-8921-c1e18b878f85
2026-09-15T18:04:23.928+05:30  WARN 1864 --- [netra-backend] [           main] o.n.c.exception.GlobalExceptionHandler   : Resource conflict: Donor profile already exists for this user.
]]></system-out>
  </testcase>
  <testcase name="testDonorProfileSecurityRestrictionsEnforced" classname="org.netra.features.donor.DonorProfileIntegrationTest" time="0.153">
    <system-out><![CDATA[2026-09-15T18:04:24.065+05:30  INFO 1864 --- [netra-backend] [           main] org.netra.core.audit.AuditService        : Security audit event: type=DONOR_PROFILE_CREATED, userId=245c1d80-0ffe-4fb0-8086-a3084e0ac6e5
]]></system-out>
  </testcase>
  <testcase name="testBloodGroupChangeResetsVerificationStatus" classname="org.netra.features.donor.DonorProfileIntegrationTest" time="0.099">
    <system-out><![CDATA[2026-09-15T18:04:24.154+05:30  INFO 1864 --- [netra-backend] [           main] org.netra.core.audit.AuditService        : Security audit event: type=DONOR_PROFILE_CREATED, userId=4b07954d-4fbe-4981-9f36-96952dbacf82
2026-09-15T18:04:24.178+05:30  INFO 1864 --- [netra-backend] [           main] org.netra.core.audit.AuditService        : Security audit event: type=BLOOD_GROUP_CHANGED, userId=4b07954d-4fbe-4981-9f36-96952dbacf82
2026-09-15T18:04:24.179+05:30  INFO 1864 --- [netra-backend] [           main] org.netra.core.audit.AuditService        : Security audit event: type=DONOR_PROFILE_UPDATED, userId=4b07954d-4fbe-4981-9f36-96952dbacf82
]]></system-out>
  </testcase>
  <testcase name="testSuspendedAndDeactivatedUsersBlocked" classname="org.netra.features.donor.DonorProfileIntegrationTest" time="0.139"/>
  <testcase name="testInvalidBloodGroupAndAvailabilityRejected" classname="org.netra.features.donor.DonorProfileIntegrationTest" time="0.088">
    <system-out><![CDATA[2026-09-15T18:04:24.394+05:30  WARN 1864 --- [netra-backend] [           main] o.n.c.exception.GlobalExceptionHandler   : Malformed JSON payload received: JSON parse error: Cannot construct instance of `org.netra.features.donor.entity.BloodGroup`, problem: Invalid blood group 'orange-positive'. Supported values: A+, A-, B+, B-, O+, O-, AB+, AB-.
2026-09-15T18:04:24.403+05:30  INFO 1864 --- [netra-backend] [           main] org.netra.core.audit.AuditService        : Security audit event: type=DONOR_PROFILE_CREATED, userId=a50dfe37-20f1-4edf-90cd-1cd79c5f8031
2026-09-15T18:04:24.411+05:30  WARN 1864 --- [netra-backend] [           main] o.n.c.exception.GlobalExceptionHandler   : Malformed JSON payload received: JSON parse error: Cannot deserialize value of type `org.netra.features.donor.entity.DonorAvailabilityStatus` from String "SUPER_READY": not one of the values accepted for Enum class: [UNAVAILABLE, AVAILABLE, PAUSED]
]]></system-out>
  </testcase>
  <testcase name="testIdorProtectionAcrossUsers" classname="org.netra.features.donor.DonorProfileIntegrationTest" time="0.143">
    <system-out><![CDATA[2026-09-15T18:04:24.543+05:30  INFO 1864 --- [netra-backend] [           main] org.netra.core.audit.AuditService        : Security audit event: type=DONOR_PROFILE_CREATED, userId=2d016e7c-28aa-4506-a4d2-58ad282a9ee6
2026-09-15T18:04:24.551+05:30  WARN 1864 --- [netra-backend] [           main] o.n.c.exception.GlobalExceptionHandler   : Resource not found: Donor profile not found for authenticated user.
2026-09-15T18:04:24.557+05:30  WARN 1864 --- [netra-backend] [           main] o.n.c.exception.GlobalExceptionHandler   : Unauthorized session access attempt: Access denied. You do not have permission to access another user's profile.
]]></system-out>
  </testcase>
  <testcase name="testAuditEventsLoggedSafely" classname="org.netra.features.donor.DonorProfileIntegrationTest" time="0.104">
    <system-out><![CDATA[2026-09-15T18:04:24.630+05:30  INFO 1864 --- [netra-backend] [           main] org.netra.core.audit.AuditService        : Security audit event: type=PROFILE_UPDATED, userId=2cabe12d-e147-4043-96dc-84d58acd312d
2026-09-15T18:04:24.640+05:30  INFO 1864 --- [netra-backend] [           main] org.netra.core.audit.AuditService        : Security audit event: type=DONOR_PROFILE_CREATED, userId=2cabe12d-e147-4043-96dc-84d58acd312d
2026-09-15T18:04:24.651+05:30  INFO 1864 --- [netra-backend] [           main] org.netra.core.audit.AuditService        : Security audit event: type=BLOOD_GROUP_CHANGED, userId=2cabe12d-e147-4043-96dc-84d58acd312d
2026-09-15T18:04:24.652+05:30  INFO 1864 --- [netra-backend] [           main] org.netra.core.audit.AuditService        : Security audit event: type=DONOR_AVAILABILITY_CHANGED, userId=2cabe12d-e147-4043-96dc-84d58acd312d
2026-09-15T18:04:24.653+05:30  INFO 1864 --- [netra-backend] [           main] org.netra.core.audit.AuditService        : Security audit event: type=DONOR_PROFILE_UPDATED, userId=2cabe12d-e147-4043-96dc-84d58acd312d
]]></system-out>
  </testcase>
  <testcase name="testGetAndUpdateOwnUserProfile" classname="org.netra.features.donor.DonorProfileIntegrationTest" time="0.078">
    <system-out><![CDATA[2026-09-15T18:04:24.739+05:30  INFO 1864 --- [netra-backend] [           main] org.netra.core.audit.AuditService        : Security audit event: type=PROFILE_UPDATED, userId=a90da917-bcff-43c5-ac0e-33623f942326
]]></system-out>
  </testcase>
  <testcase name="testUpdateBloodGroupAndAvailability" classname="org.netra.features.donor.DonorProfileIntegrationTest" time="0.088">
    <system-out><![CDATA[2026-09-15T18:04:24.815+05:30  INFO 1864 --- [netra-backend] [           main] org.netra.core.audit.AuditService        : Security audit event: type=DONOR_PROFILE_CREATED, userId=f6c1c26d-3f6c-4843-8f95-6d84304f3d18
2026-09-15T18:04:24.825+05:30  INFO 1864 --- [netra-backend] [           main] org.netra.core.audit.AuditService        : Security audit event: type=BLOOD_GROUP_CHANGED, userId=f6c1c26d-3f6c-4843-8f95-6d84304f3d18
2026-09-15T18:04:24.827+05:30  INFO 1864 --- [netra-backend] [           main] org.netra.core.audit.AuditService        : Security audit event: type=DONOR_AVAILABILITY_CHANGED, userId=f6c1c26d-3f6c-4843-8f95-6d84304f3d18
2026-09-15T18:04:24.828+05:30  INFO 1864 --- [netra-backend] [           main] org.netra.core.audit.AuditService        : Security audit event: type=DONOR_PROFILE_UPDATED, userId=f6c1c26d-3f6c-4843-8f95-6d84304f3d18
]]></system-out>
  </testcase>
  <testcase name="testUserProfileMassAssignmentBlocked" classname="org.netra.features.donor.DonorProfileIntegrationTest" time="0.074">
    <system-out><![CDATA[2026-09-15T18:04:24.905+05:30  INFO 1864 --- [netra-backend] [           main] org.netra.core.audit.AuditService        : Security audit event: type=PROFILE_UPDATED, userId=7c7e0656-7b8d-4e89-82fb-922f47d31906
]]></system-out>
  </testcase>
  <testcase name="testGetNotFoundThenCreateDonorProfile" classname="org.netra.features.donor.DonorProfileIntegrationTest" time="0.092">
    <system-out><![CDATA[2026-09-15T18:04:24.986+05:30  WARN 1864 --- [netra-backend] [           main] o.n.c.exception.GlobalExceptionHandler   : Resource not found: Donor profile not found for authenticated user.
2026-09-15T18:04:24.992+05:30  INFO 1864 --- [netra-backend] [           main] org.netra.core.audit.AuditService        : Security audit event: type=DONOR_PROFILE_CREATED, userId=452a8515-9b8c-45de-9693-c26d1aa08f73
]]></system-out>
  </testcase>
</testsuite>