<?xml version="1.0" encoding="UTF-8"?>
<testsuite xmlns:xsi="http://www.w3.org/2001/XMLSchema-instance" xsi:noNamespaceSchemaLocation="https://maven.apache.org/surefire/maven-surefire-plugin/xsd/surefire-test-report-3.0.xsd" version="3.0" name="org.netra.features.eligibility.EligibilityControllerIntegrationTest" time="0.468" tests="10" errors="0" skipped="0" failures="0">
  <properties>
[...]
</properties>
  <testcase name="testAnonymousSessionCapabilityTokenEnforcement" classname="org.netra.features.eligibility.EligibilityControllerIntegrationTest" time="0.088">
    <system-out><![CDATA[2026-09-15T18:04:25.004+05:30  INFO 1864 --- [netra-backend] [           main] t.c.s.AnnotationConfigContextLoaderUtils : Could not detect default configuration classes for test class [org.netra.features.eligibility.EligibilityControllerIntegrationTest]: EligibilityControllerIntegrationTest does not declare any static, non-private, non-final, nested classes annotated with @Configuration.
2026-09-15T18:04:25.032+05:30  INFO 1864 --- [netra-backend] [           main] .b.t.c.SpringBootTestContextBootstrapper : Found @SpringBootConfiguration org.netra.NetraApplication for test class org.netra.features.eligibility.EligibilityControllerIntegrationTest
2026-09-15T18:04:25.043+05:30  INFO 1864 --- [netra-backend] [           main] org.netra.core.audit.AuditService        : Audit event logged: type=SESSION_STARTED, sessionId=296a826b-1947-4f0c-ab70-b4919218e1b5, ruleVersion=INDIA-NBTC-2026-01, result=null
2026-09-15T18:04:25.100+05:30  WARN 1864 --- [netra-backend] [           main] o.n.c.exception.GlobalExceptionHandler   : Unauthorized session access attempt: Valid capability token is required to access this anonymous eligibility session.
2026-09-15T18:04:25.111+05:30  WARN 1864 --- [netra-backend] [           main] o.n.c.exception.GlobalExceptionHandler   : Unauthorized session access attempt: Valid capability token is required to access this anonymous eligibility session.
]]></system-out>
  </testcase>
  <testcase name="testIdorPrevention" classname="org.netra.features.eligibility.EligibilityControllerIntegrationTest" time="0.016">
    <system-out><![CDATA[2026-09-15T18:04:25.132+05:30  INFO 1864 --- [netra-backend] [           main] org.netra.core.audit.AuditService        : Audit event logged: type=SESSION_STARTED, sessionId=830943be-35a1-40b9-915c-a0b04053c42d, ruleVersion=INDIA-NBTC-2026-01, result=null
2026-09-15T18:04:25.140+05:30  WARN 1864 --- [netra-backend] [           main] o.n.c.exception.GlobalExceptionHandler   : Unauthorized session access attempt: Valid capability token is required to access this anonymous eligibility session.
]]></system-out>
  </testcase>
  <testcase name="testNumericSleepHoursEvaluation" classname="org.netra.features.eligibility.EligibilityControllerIntegrationTest" time="0.065">
    <system-out><![CDATA[2026-09-15T18:04:25.146+05:30  INFO 1864 --- [netra-backend] [           main] org.netra.core.audit.AuditService        : Audit event logged: type=SESSION_STARTED, sessionId=d5693d38-3aa3-4c17-ac90-2bd6f3e851a4, ruleVersion=INDIA-NBTC-2026-01, result=null
2026-09-15T18:04:25.198+05:30  INFO 1864 --- [netra-backend] [           main] org.netra.core.audit.AuditService        : Audit event logged: type=SESSION_COMPLETED, sessionId=d5693d38-3aa3-4c17-ac90-2bd6f3e851a4, ruleVersion=INDIA-NBTC-2026-01, result=INSUFFICIENT_INFORMATION
]]></system-out>
  </testcase>
  <testcase name="testExpiredSession" classname="org.netra.features.eligibility.EligibilityControllerIntegrationTest" time="0.009">
    <system-out><![CDATA[2026-09-15T18:04:25.214+05:30  WARN 1864 --- [netra-backend] [           main] o.n.c.exception.GlobalExceptionHandler   : Session expired: Eligibility session has expired. Please start a new check.
]]></system-out>
  </testcase>
  <testcase name="testMalformedJson" classname="org.netra.features.eligibility.EligibilityControllerIntegrationTest" time="0.006">
    <system-out><![CDATA[2026-09-15T18:04:25.221+05:30  WARN 1864 --- [netra-backend] [           main] o.n.c.exception.GlobalExceptionHandler   : Malformed JSON payload received: JSON parse error: Unexpected character ('m' (code 109)): was expecting double-quote to start field name
]]></system-out>
  </testcase>
  <testcase name="testUntrustedUpstreamCannotSpoofClientIp" classname="org.netra.features.eligibility.EligibilityControllerIntegrationTest" time="0.082">
    <system-out><![CDATA[2026-09-15T18:04:25.228+05:30  INFO 1864 --- [netra-backend] [           main] org.netra.core.audit.AuditService        : Audit event logged: type=SESSION_STARTED, sessionId=302a9b5e-244c-483b-8fec-50fca135bf6e, ruleVersion=INDIA-NBTC-2026-01, result=null
2026-09-15T18:04:25.232+05:30  INFO 1864 --- [netra-backend] [           main] org.netra.core.audit.AuditService        : Audit event logged: type=SESSION_STARTED, sessionId=0d8e9099-7f2c-4bb8-9f5b-0d0692095e9f, ruleVersion=INDIA-NBTC-2026-01, result=null
2026-09-15T18:04:25.236+05:30  INFO 1864 --- [netra-backend] [           main] org.netra.core.audit.AuditService        : Audit event logged: type=SESSION_STARTED, sessionId=2fcf0f83-c91e-4608-802b-ae072c8a04e7, ruleVersion=INDIA-NBTC-2026-01, result=null
2026-09-15T18:04:25.240+05:30  INFO 1864 --- [netra-backend] [           main] org.netra.core.audit.AuditService        : Audit event logged: type=SESSION_STARTED, sessionId=d02b603c-d575-4d3c-823d-a3dead7275a3, ruleVersion=INDIA-NBTC-2026-01, result=null
2026-09-15T18:04:25.243+05:30  INFO 1864 --- [netra-backend] [           main] org.netra.core.audit.AuditService        : Audit event logged: type=SESSION_STARTED, sessionId=b5f5cf30-5d9e-44dd-b518-168fd1547498, ruleVersion=INDIA-NBTC-2026-01, result=null
2026-09-15T18:04:25.248+05:30  INFO 1864 --- [netra-backend] [           main] org.netra.core.audit.AuditService        : Audit event logged: type=SESSION_STARTED, sessionId=3179a3ee-12cf-42e3-9c91-341513f8bcc5, ruleVersion=INDIA-NBTC-2026-01, result=null
2026-09-15T18:04:25.253+05:30  INFO 1864 --- [netra-backend] [           main] org.netra.core.audit.AuditService        : Audit event logged: type=SESSION_STARTED, sessionId=aef27db3-6d1b-4abd-9229-c6dbe71ee52f, ruleVersion=INDIA-NBTC-2026-01, result=null
2026-09-15T18:04:25.257+05:30  INFO 1864 --- [netra-backend] [           main] org.netra.core.audit.AuditService        : Audit event logged: type=SESSION_STARTED, sessionId=3058d8b4-808d-4c5c-936d-c13340ef37b0, ruleVersion=INDIA-NBTC-2026-01, result=null
2026-09-15T18:04:25.261+05:30  INFO 1864 --- [netra-backend] [           main] org.netra.core.audit.AuditService        : Audit event logged: type=SESSION_STARTED, sessionId=f06422e6-ff57-443c-ad1c-acf6398edaf9, ruleVersion=INDIA-NBTC-2026-01, result=null
2026-09-15T18:04:25.264+05:30  INFO 1864 --- [netra-backend] [           main] org.netra.core.audit.AuditService        : Audit event logged: type=SESSION_STARTED, sessionId=909beda3-cd3d-463f-9cb2-86d1114ed640, ruleVersion=INDIA-NBTC-2026-01, result=null
2026-09-15T18:04:25.268+05:30  INFO 1864 --- [netra-backend] [           main] org.netra.core.audit.AuditService        : Audit event logged: type=SESSION_STARTED, sessionId=56f205e3-96bb-4023-8ca2-875b2ace5b72, ruleVersion=INDIA-NBTC-2026-01, result=null
2026-09-15T18:04:25.271+05:30  INFO 1864 --- [netra-backend] [           main] org.netra.core.audit.AuditService        : Audit event logged: type=SESSION_STARTED, sessionId=7c69b9b2-a6e9-48ab-9240-6309de06ba7b, ruleVersion=INDIA-NBTC-2026-01, result=null
2026-09-15T18:04:25.275+05:30  INFO 1864 --- [netra-backend] [           main] org.netra.core.audit.AuditService        : Audit event logged: type=SESSION_STARTED, sessionId=5e7341a2-5150-478c-b701-c6fad9aa1e38, ruleVersion=INDIA-NBTC-2026-01, result=null
2026-09-15T18:04:25.278+05:30  INFO 1864 --- [netra-backend] [           main] org.netra.core.audit.AuditService        : Audit event logged: type=SESSION_STARTED, sessionId=5e1534da-b031-46b3-8507-b5f09c5a417e, ruleVersion=INDIA-NBTC-2026-01, result=null
2026-09-15T18:04:25.282+05:30  INFO 1864 --- [netra-backend] [           main] org.netra.core.audit.AuditService        : Audit event logged: type=SESSION_STARTED, sessionId=ce13ac04-8549-4d53-9ede-81613325735d, ruleVersion=INDIA-NBTC-2026-01, result=null
2026-09-15T18:04:25.286+05:30  INFO 1864 --- [netra-backend] [           main] org.netra.core.audit.AuditService        : Audit event logged: type=SESSION_STARTED, sessionId=7c411465-b923-4602-be2c-50d70dc17f0b, ruleVersion=INDIA-NBTC-2026-01, result=null
2026-09-15T18:04:25.290+05:30  INFO 1864 --- [netra-backend] [           main] org.netra.core.audit.AuditService        : Audit event logged: type=SESSION_STARTED, sessionId=9c816fed-2d80-41d3-b706-ac03b16ff2e8, ruleVersion=INDIA-NBTC-2026-01, result=null
2026-09-15T18:04:25.293+05:30  INFO 1864 --- [netra-backend] [           main] org.netra.core.audit.AuditService        : Audit event logged: type=SESSION_STARTED, sessionId=b775891c-98c0-406f-81ec-af0bfa06a9d4, ruleVersion=INDIA-NBTC-2026-01, result=null
2026-09-15T18:04:25.297+05:30  INFO 1864 --- [netra-backend] [           main] org.netra.core.audit.AuditService        : Audit event logged: type=SESSION_STARTED, sessionId=ec4155c5-c7bf-4943-adba-0b0d33632976, ruleVersion=INDIA-NBTC-2026-01, result=null
2026-09-15T18:04:25.301+05:30  INFO 1864 --- [netra-backend] [           main] org.netra.core.audit.AuditService        : Audit event logged: type=SESSION_STARTED, sessionId=216e6b14-6fa4-423d-84fe-0a70c1ac78f3, ruleVersion=INDIA-NBTC-2026-01, result=null
2026-09-15T18:04:25.304+05:30  WARN 1864 --- [netra-backend] [           main] o.n.c.exception.GlobalExceptionHandler   : Rate limit exceeded: Too many eligibility requests. Please wait a moment before trying again.
]]></system-out>
  </testcase>
  <testcase name="testAntiTamperingResultIgnored" classname="org.netra.features.eligibility.EligibilityControllerIntegrationTest" time="0.05">
    <system-out><![CDATA[2026-09-15T18:04:25.351+05:30  INFO 1864 --- [netra-backend] [           main] org.netra.core.audit.AuditService        : Audit event logged: type=SESSION_COMPLETED, sessionId=da4dc581-7c58-4510-8924-990730bd0b1c, ruleVersion=INDIA-NBTC-2026-01, result=TEMPORARY_DEFERRAL
]]></system-out>
  </testcase>
  <testcase name="testSensitiveHealthDataNotLeakedInResult" classname="org.netra.features.eligibility.EligibilityControllerIntegrationTest" time="0.033">
    <system-out><![CDATA[2026-09-15T18:04:25.381+05:30  INFO 1864 --- [netra-backend] [           main] org.netra.core.audit.AuditService        : Audit event logged: type=SESSION_COMPLETED, sessionId=8015ceb5-1eb3-489d-aef6-fc150520c4f5, ruleVersion=INDIA-NBTC-2026-01, result=INSUFFICIENT_INFORMATION
]]></system-out>
  </testcase>
  <testcase name="testFullSessionLifecycle" classname="org.netra.features.eligibility.EligibilityControllerIntegrationTest" time="0.061">
    <system-out><![CDATA[2026-09-15T18:04:25.394+05:30  INFO 1864 --- [netra-backend] [           main] org.netra.core.audit.AuditService        : Audit event logged: type=SESSION_STARTED, sessionId=625151f0-ec54-4b4c-960e-da625b61d44c, ruleVersion=INDIA-NBTC-2026-01, result=null
2026-09-15T18:04:25.444+05:30  INFO 1864 --- [netra-backend] [           main] org.netra.core.audit.AuditService        : Audit event logged: type=SESSION_COMPLETED, sessionId=625151f0-ec54-4b4c-960e-da625b61d44c, ruleVersion=INDIA-NBTC-2026-01, result=LIKELY_ELIGIBLE
]]></system-out>
  </testcase>
  <testcase name="testCrossSessionCapabilityTokenIsolation" classname="org.netra.features.eligibility.EligibilityControllerIntegrationTest" time="0.018">
    <system-out><![CDATA[2026-09-15T18:04:25.457+05:30  INFO 1864 --- [netra-backend] [           main] org.netra.core.audit.AuditService        : Audit event logged: type=SESSION_STARTED, sessionId=1d3e2cfe-c7ab-4c3b-b55a-7e6e8231126c, ruleVersion=INDIA-NBTC-2026-01, result=null
2026-09-15T18:04:25.462+05:30  INFO 1864 --- [netra-backend] [           main] org.netra.core.audit.AuditService        : Audit event logged: type=SESSION_STARTED, sessionId=54919afb-ae95-4010-b628-55504974f0ba, ruleVersion=INDIA-NBTC-2026-01, result=null
2026-09-15T18:04:25.469+05:30  WARN 1864 --- [netra-backend] [           main] o.n.c.exception.GlobalExceptionHandler   : Unauthorized session access attempt: Valid capability token is required to access this anonymous eligibility session.
]]></system-out>
  </testcase>
</testsuite>