<?xml version="1.0" encoding="UTF-8"?>
<testsuite xmlns:xsi="http://www.w3.org/2001/XMLSchema-instance" xsi:noNamespaceSchemaLocation="https://maven.apache.org/surefire/maven-surefire-plugin/xsd/surefire-test-report-3.0.xsd" version="3.0" name="org.netra.features.auth.AuthSecurityIntegrationTest" time="7.35" tests="12" errors="0" skipped="0" failures="0">
  <properties>
[...]
</properties>
  <testcase name="testWeakPasswordRejected" classname="org.netra.features.auth.AuthSecurityIntegrationTest" time="0.443">
    <system-out><![CDATA[20:56:11.562 [main] INFO org.springframework.test.context.support.AnnotationConfigContextLoaderUtils -- Could not detect default configuration classes for test class [org.netra.features.auth.AuthSecurityIntegrationTest]: AuthSecurityIntegrationTest does not declare any static, non-private, non-final, nested classes annotated with @Configuration.
20:56:11.704 [main] INFO org.springframework.boot.test.context.SpringBootTestContextBootstrapper -- Found @SpringBootConfiguration org.netra.NetraApplication for test class org.netra.features.auth.AuthSecurityIntegrationTest

  .   ____          _            __ _ _
 /\\ / ___'_ __ _ _(_)_ __  __ _ \ \ \ \
( ( )\___ | '_ | '_| | '_ \/ _` | \ \ \ \
 \\/  ___)| |_)| | | | | || (_| |  ) ) ) )
  '  |____| .__|_| |_|_| |_\__, | / / / /
 =========|_|==============|___/=/_/_/_/

 :: Spring Boot ::                (v3.3.4)

2026-09-14T20:56:12.056+05:30  INFO 14756 --- [netra-backend] [           main] o.n.f.auth.AuthSecurityIntegrationTest   : Starting AuthSecurityIntegrationTest using Java 25.0.1 with PID 14756 (started by SHUBHAM in C:\Users\SHUBHAM\Desktop\Netra\backend)
2026-09-14T20:56:12.057+05:30  INFO 14756 --- [netra-backend] [           main] o.n.f.auth.AuthSecurityIntegrationTest   : The following 1 profile is active: "dev"
2026-09-14T20:56:12.712+05:30  INFO 14756 --- [netra-backend] [           main] .s.d.r.c.RepositoryConfigurationDelegate : Bootstrapping Spring Data JPA repositories in DEFAULT mode.
2026-09-14T20:56:12.786+05:30  INFO 14756 --- [netra-backend] [           main] .s.d.r.c.RepositoryConfigurationDelegate : Finished Spring Data repository scanning in 66 ms. Found 9 JPA repository interfaces.
2026-09-14T20:56:13.355+05:30  INFO 14756 --- [netra-backend] [           main] o.hibernate.jpa.internal.util.LogHelper  : HHH000204: Processing PersistenceUnitInfo [name: default]
2026-09-14T20:56:13.406+05:30  INFO 14756 --- [netra-backend] [           main] org.hibernate.Version                    : HHH000412: Hibernate ORM core version 6.5.3.Final
2026-09-14T20:56:13.437+05:30  INFO 14756 --- [netra-backend] [           main] o.h.c.internal.RegionFactoryInitiator    : HHH000026: Second-level cache disabled
2026-09-14T20:56:13.718+05:30  INFO 14756 --- [netra-backend] [           main] o.s.o.j.p.SpringPersistenceUnitInfo      : No LoadTimeWeaver setup: ignoring JPA class transformer
2026-09-14T20:56:13.748+05:30  INFO 14756 --- [netra-backend] [           main] com.zaxxer.hikari.HikariDataSource       : HikariPool-1 - Starting...
2026-09-14T20:56:13.895+05:30  INFO 14756 --- [netra-backend] [           main] com.zaxxer.hikari.pool.HikariPool        : HikariPool-1 - Added connection conn0: url=jdbc:h2:mem:netradb user=SA
2026-09-14T20:56:13.897+05:30  INFO 14756 --- [netra-backend] [           main] com.zaxxer.hikari.HikariDataSource       : HikariPool-1 - Start completed.
2026-09-14T20:56:13.915+05:30  WARN 14756 --- [netra-backend] [           main] org.hibernate.orm.deprecation            : HHH90000025: H2Dialect does not need to be specified explicitly using 'hibernate.dialect' (remove the property setting and it will be selected by default)
2026-09-14T20:56:14.766+05:30  INFO 14756 --- [netra-backend] [           main] o.h.e.t.j.p.i.JtaPlatformInitiator       : HHH000489: No JTA platform available (set 'hibernate.transaction.jta.platform' to enable JTA platform integration)
2026-09-14T20:56:14.861+05:30  INFO 14756 --- [netra-backend] [           main] j.LocalContainerEntityManagerFactoryBean : Initialized JPA EntityManagerFactory for persistence unit 'default'
2026-09-14T20:56:15.293+05:30  INFO 14756 --- [netra-backend] [           main] o.s.d.j.r.query.QueryEnhancerFactory     : Hibernate is in classpath; If applicable, HQL parser will be used.
2026-09-14T20:56:15.670+05:30  WARN 14756 --- [netra-backend] [           main] JpaBaseConfiguration$JpaWebConfiguration : spring.jpa.open-in-view is enabled by default. Therefore, database queries may be performed during view rendering. Explicitly configure spring.jpa.open-in-view to disable this warning
2026-09-14T20:56:15.688+05:30  WARN 14756 --- [netra-backend] [           main] .s.s.UserDetailsServiceAutoConfiguration : 

Using generated security password: efc6d88b-9760-45ac-bcef-80f170d61a93

This generated password is for development use only. Your security configuration must be updated before running your application in production.

2026-09-14T20:56:15.695+05:30  INFO 14756 --- [netra-backend] [           main] r$InitializeUserDetailsManagerConfigurer : Global AuthenticationManager configured with UserDetailsService bean with name inMemoryUserDetailsManager
2026-09-14T20:56:16.410+05:30  INFO 14756 --- [netra-backend] [           main] o.s.b.t.m.w.SpringBootMockServletContext : Initializing Spring TestDispatcherServlet ''
2026-09-14T20:56:16.411+05:30  INFO 14756 --- [netra-backend] [           main] o.s.t.web.servlet.TestDispatcherServlet  : Initializing Servlet ''
2026-09-14T20:56:16.412+05:30  INFO 14756 --- [netra-backend] [           main] o.s.t.web.servlet.TestDispatcherServlet  : Completed initialization in 1 ms
2026-09-14T20:56:16.428+05:30  INFO 14756 --- [netra-backend] [           main] o.n.f.auth.AuthSecurityIntegrationTest   : Started AuthSecurityIntegrationTest in 4.618 seconds (process running for 5.459)
2026-09-14T20:56:16.537+05:30  INFO 14756 --- [netra-backend] [           main] org.netra.NetraApplication               : Seeding baseline eligibility questions for version: INDIA-NBTC-2026-01
2026-09-14T20:56:16.603+05:30  INFO 14756 --- [netra-backend] [           main] org.netra.NetraApplication               : Seeded 16 questions successfully.
2026-09-14T20:56:16.631+05:30  INFO 14756 --- [netra-backend] [           main] org.netra.NetraApplication               : Seeding baseline eligibility rules for version: INDIA-NBTC-2026-01
2026-09-14T20:56:16.655+05:30  INFO 14756 --- [netra-backend] [           main] org.netra.NetraApplication               : Seeded 8 rules successfully.
2026-09-14T20:56:17.104+05:30  WARN 14756 --- [netra-backend] [           main] o.n.c.exception.GlobalExceptionHandler   : Password policy violation: Password must contain at least one digit.
]]></system-out>
    <system-err><![CDATA[WARNING: A Java agent has been loaded dynamically (C:\Users\SHUBHAM\.m2\repository\net\bytebuddy\byte-buddy-agent\1.14.19\byte-buddy-agent-1.14.19.jar)
WARNING: If a serviceability tool is in use, please run with -XX:+EnableDynamicAgentLoading to hide this warning
WARNING: If a serviceability tool is not in use, please run with -Djdk.instrument.traceUsage for more information
WARNING: Dynamic loading of agents will be disallowed by default in a future release
]]></system-err>
  </testcase>
  <testcase name="testDuplicateEmailRegistration" classname="org.netra.features.auth.AuthSecurityIntegrationTest" time="0.183">
    <system-out><![CDATA[2026-09-14T20:56:17.194+05:30  INFO 14756 --- [netra-backend] [           main] org.netra.core.audit.AuditService        : Security audit event: type=REGISTER, userId=a57eb707-051e-4117-90df-517c109c3231
2026-09-14T20:56:17.269+05:30  WARN 14756 --- [netra-backend] [           main] o.n.c.exception.GlobalExceptionHandler   : Registration conflict: An account with this email address already exists.
]]></system-out>
  </testcase>
  <testcase name="testSuspendedAndDeactivatedUsersBlocked" classname="org.netra.features.auth.AuthSecurityIntegrationTest" time="0.293">
    <system-out><![CDATA[2026-09-14T20:56:17.439+05:30  INFO 14756 --- [netra-backend] [           main] org.netra.core.audit.AuditService        : Security audit event: type=LOGIN_BLOCKED, userId=20ec1dbc-62ea-465e-b32e-0cdfe9fae1d5
2026-09-14T20:56:17.440+05:30  WARN 14756 --- [netra-backend] [           main] o.n.c.exception.GlobalExceptionHandler   : Account status restriction: Your account has been suspended. Please contact support.
2026-09-14T20:56:17.591+05:30  INFO 14756 --- [netra-backend] [           main] org.netra.core.audit.AuditService        : Security audit event: type=LOGIN_BLOCKED, userId=4ae76157-a2cb-421e-a078-9abdeb6e5bb0
2026-09-14T20:56:17.593+05:30  WARN 14756 --- [netra-backend] [           main] o.n.c.exception.GlobalExceptionHandler   : Account status restriction: Your account has been deactivated.
]]></system-out>
  </testcase>
  <testcase name="testAccessTokenValidationAndRejection" classname="org.netra.features.auth.AuthSecurityIntegrationTest" time="0.073">
    <system-out><![CDATA[2026-09-14T20:56:17.667+05:30  WARN 14756 --- [netra-backend] [           main] o.netra.core.security.JwtTokenProvider   : Invalid JWT token: JWT signature does not match locally computed signature. JWT validity cannot be asserted and should not be trusted.
]]></system-out>
  </testcase>
  <testcase name="testIdorProfileProtection" classname="org.netra.features.auth.AuthSecurityIntegrationTest" time="0.193">
    <system-out><![CDATA[2026-09-14T20:56:17.854+05:30  WARN 14756 --- [netra-backend] [           main] o.n.c.exception.GlobalExceptionHandler   : Unauthorized session access attempt: Access denied. You do not have permission to access another user's profile.
]]></system-out>
  </testcase>
  <testcase name="testAuthRateLimiting" classname="org.netra.features.auth.AuthSecurityIntegrationTest" time="0.122">
    <system-out><![CDATA[2026-09-14T20:56:17.871+05:30  INFO 14756 --- [netra-backend] [           main] org.netra.core.audit.AuditService        : Security audit event: type=LOGIN_FAILURE, userId=null
2026-09-14T20:56:17.872+05:30  WARN 14756 --- [netra-backend] [           main] o.n.c.exception.GlobalExceptionHandler   : Authentication failed: Invalid email or password
2026-09-14T20:56:17.876+05:30  INFO 14756 --- [netra-backend] [           main] org.netra.core.audit.AuditService        : Security audit event: type=LOGIN_FAILURE, userId=null
2026-09-14T20:56:17.878+05:30  WARN 14756 --- [netra-backend] [           main] o.n.c.exception.GlobalExceptionHandler   : Authentication failed: Invalid email or password
2026-09-14T20:56:17.882+05:30  INFO 14756 --- [netra-backend] [           main] org.netra.core.audit.AuditService        : Security audit event: type=LOGIN_FAILURE, userId=null
2026-09-14T20:56:17.884+05:30  WARN 14756 --- [netra-backend] [           main] o.n.c.exception.GlobalExceptionHandler   : Authentication failed: Invalid email or password
2026-09-14T20:56:17.888+05:30  INFO 14756 --- [netra-backend] [           main] org.netra.core.audit.AuditService        : Security audit event: type=LOGIN_FAILURE, userId=null
2026-09-14T20:56:17.890+05:30  WARN 14756 --- [netra-backend] [           main] o.n.c.exception.GlobalExceptionHandler   : Authentication failed: Invalid email or password
2026-09-14T20:56:17.895+05:30  INFO 14756 --- [netra-backend] [           main] org.netra.core.audit.AuditService        : Security audit event: type=LOGIN_FAILURE, userId=null
2026-09-14T20:56:17.896+05:30  WARN 14756 --- [netra-backend] [           main] o.n.c.exception.GlobalExceptionHandler   : Authentication failed: Invalid email or password
2026-09-14T20:56:17.899+05:30  INFO 14756 --- [netra-backend] [           main] org.netra.core.audit.AuditService        : Security audit event: type=LOGIN_FAILURE, userId=null
2026-09-14T20:56:17.900+05:30  WARN 14756 --- [netra-backend] [           main] o.n.c.exception.GlobalExceptionHandler   : Authentication failed: Invalid email or password
2026-09-14T20:56:17.905+05:30  INFO 14756 --- [netra-backend] [           main] org.netra.core.audit.AuditService        : Security audit event: type=LOGIN_FAILURE, userId=null
2026-09-14T20:56:17.906+05:30  WARN 14756 --- [netra-backend] [           main] o.n.c.exception.GlobalExceptionHandler   : Authentication failed: Invalid email or password
2026-09-14T20:56:17.911+05:30  INFO 14756 --- [netra-backend] [           main] org.netra.core.audit.AuditService        : Security audit event: type=LOGIN_FAILURE, userId=null
2026-09-14T20:56:17.913+05:30  WARN 14756 --- [netra-backend] [           main] o.n.c.exception.GlobalExceptionHandler   : Authentication failed: Invalid email or password
2026-09-14T20:56:17.920+05:30  INFO 14756 --- [netra-backend] [           main] org.netra.core.audit.AuditService        : Security audit event: type=LOGIN_FAILURE, userId=null
2026-09-14T20:56:17.921+05:30  WARN 14756 --- [netra-backend] [           main] o.n.c.exception.GlobalExceptionHandler   : Authentication failed: Invalid email or password
2026-09-14T20:56:17.926+05:30  INFO 14756 --- [netra-backend] [           main] org.netra.core.audit.AuditService        : Security audit event: type=LOGIN_FAILURE, userId=null
2026-09-14T20:56:17.927+05:30  WARN 14756 --- [netra-backend] [           main] o.n.c.exception.GlobalExceptionHandler   : Authentication failed: Invalid email or password
2026-09-14T20:56:17.932+05:30  INFO 14756 --- [netra-backend] [           main] org.netra.core.audit.AuditService        : Security audit event: type=LOGIN_FAILURE, userId=null
2026-09-14T20:56:17.933+05:30  WARN 14756 --- [netra-backend] [           main] o.n.c.exception.GlobalExceptionHandler   : Authentication failed: Invalid email or password
2026-09-14T20:56:17.937+05:30  INFO 14756 --- [netra-backend] [           main] org.netra.core.audit.AuditService        : Security audit event: type=LOGIN_FAILURE, userId=null
2026-09-14T20:56:17.938+05:30  WARN 14756 --- [netra-backend] [           main] o.n.c.exception.GlobalExceptionHandler   : Authentication failed: Invalid email or password
2026-09-14T20:56:17.942+05:30  INFO 14756 --- [netra-backend] [           main] org.netra.core.audit.AuditService        : Security audit event: type=LOGIN_FAILURE, userId=null
2026-09-14T20:56:17.943+05:30  WARN 14756 --- [netra-backend] [           main] o.n.c.exception.GlobalExceptionHandler   : Authentication failed: Invalid email or password
2026-09-14T20:56:17.948+05:30  INFO 14756 --- [netra-backend] [           main] org.netra.core.audit.AuditService        : Security audit event: type=LOGIN_FAILURE, userId=null
2026-09-14T20:56:17.949+05:30  WARN 14756 --- [netra-backend] [           main] o.n.c.exception.GlobalExceptionHandler   : Authentication failed: Invalid email or password
2026-09-14T20:56:17.953+05:30  INFO 14756 --- [netra-backend] [           main] org.netra.core.audit.AuditService        : Security audit event: type=LOGIN_FAILURE, userId=null
2026-09-14T20:56:17.954+05:30  WARN 14756 --- [netra-backend] [           main] o.n.c.exception.GlobalExceptionHandler   : Authentication failed: Invalid email or password
2026-09-14T20:56:17.958+05:30  INFO 14756 --- [netra-backend] [           main] org.netra.core.audit.AuditService        : Security audit event: type=LOGIN_FAILURE, userId=null
2026-09-14T20:56:17.959+05:30  WARN 14756 --- [netra-backend] [           main] o.n.c.exception.GlobalExceptionHandler   : Authentication failed: Invalid email or password
2026-09-14T20:56:17.963+05:30  INFO 14756 --- [netra-backend] [           main] org.netra.core.audit.AuditService        : Security audit event: type=LOGIN_FAILURE, userId=null
2026-09-14T20:56:17.964+05:30  WARN 14756 --- [netra-backend] [           main] o.n.c.exception.GlobalExceptionHandler   : Authentication failed: Invalid email or password
2026-09-14T20:56:17.969+05:30  INFO 14756 --- [netra-backend] [           main] org.netra.core.audit.AuditService        : Security audit event: type=LOGIN_FAILURE, userId=null
2026-09-14T20:56:17.970+05:30  WARN 14756 --- [netra-backend] [           main] o.n.c.exception.GlobalExceptionHandler   : Authentication failed: Invalid email or password
2026-09-14T20:56:17.975+05:30  INFO 14756 --- [netra-backend] [           main] org.netra.core.audit.AuditService        : Security audit event: type=LOGIN_FAILURE, userId=null
2026-09-14T20:56:17.976+05:30  WARN 14756 --- [netra-backend] [           main] o.n.c.exception.GlobalExceptionHandler   : Authentication failed: Invalid email or password
2026-09-14T20:56:17.979+05:30  INFO 14756 --- [netra-backend] [           main] org.netra.core.audit.AuditService        : Security audit event: type=LOGIN_FAILURE, userId=null
2026-09-14T20:56:17.980+05:30  WARN 14756 --- [netra-backend] [           main] o.n.c.exception.GlobalExceptionHandler   : Authentication failed: Invalid email or password
2026-09-14T20:56:17.983+05:30  WARN 14756 --- [netra-backend] [           main] o.n.c.exception.GlobalExceptionHandler   : Rate limit exceeded: Too many eligibility requests. Please wait a moment before trying again.
]]></system-out>
  </testcase>
  <testcase name="testLogoutAndLogoutAll" classname="org.netra.features.auth.AuthSecurityIntegrationTest" time="0.206">
    <system-out><![CDATA[2026-09-14T20:56:18.049+05:30  INFO 14756 --- [netra-backend] [           main] org.netra.core.audit.AuditService        : Security audit event: type=REGISTER, userId=1002e0e6-1d83-49e2-a6f2-7490aac3244f
2026-09-14T20:56:18.075+05:30  INFO 14756 --- [netra-backend] [           main] org.netra.core.audit.AuditService        : Security audit event: type=LOGOUT, userId=1002e0e6-1d83-49e2-a6f2-7490aac3244f
2026-09-14T20:56:18.095+05:30  INFO 14756 --- [netra-backend] [           main] org.netra.core.audit.AuditService        : Security audit event: type=REFRESH_REUSE_DETECTED, userId=1002e0e6-1d83-49e2-a6f2-7490aac3244f
2026-09-14T20:56:18.105+05:30  WARN 14756 --- [netra-backend] [           main] o.n.c.exception.GlobalExceptionHandler   : Security alert - Token reuse detected: Revoked refresh token reuse detected. All sessions terminated. Please sign in again.
2026-09-14T20:56:18.169+05:30  INFO 14756 --- [netra-backend] [           main] org.netra.core.audit.AuditService        : Security audit event: type=LOGIN_SUCCESS, userId=1002e0e6-1d83-49e2-a6f2-7490aac3244f
2026-09-14T20:56:18.184+05:30  INFO 14756 --- [netra-backend] [           main] org.netra.core.audit.AuditService        : Security audit event: type=LOGOUT_ALL, userId=1002e0e6-1d83-49e2-a6f2-7490aac3244f
2026-09-14T20:56:18.190+05:30  INFO 14756 --- [netra-backend] [           main] org.netra.core.audit.AuditService        : Security audit event: type=REFRESH_REUSE_DETECTED, userId=1002e0e6-1d83-49e2-a6f2-7490aac3244f
2026-09-14T20:56:18.193+05:30  WARN 14756 --- [netra-backend] [           main] o.n.c.exception.GlobalExceptionHandler   : Security alert - Token reuse detected: Revoked refresh token reuse detected. All sessions terminated. Please sign in again.
]]></system-out>
  </testcase>
  <testcase name="testSensitiveDataNotLeakedInProfile" classname="org.netra.features.auth.AuthSecurityIntegrationTest" time="0.069"/>
  <testcase name="testRoleEscalationBlocked" classname="org.netra.features.auth.AuthSecurityIntegrationTest" time="0.076">
    <system-out><![CDATA[2026-09-14T20:56:18.331+05:30  INFO 14756 --- [netra-backend] [           main] org.netra.core.audit.AuditService        : Security audit event: type=REGISTER, userId=0e9a9405-3b3e-4847-90a0-ec1f3c25d8fa
]]></system-out>
  </testcase>
  <testcase name="testLoginScenarios" classname="org.netra.features.auth.AuthSecurityIntegrationTest" time="0.204">
    <system-out><![CDATA[2026-09-14T20:56:18.407+05:30  INFO 14756 --- [netra-backend] [           main] org.netra.core.audit.AuditService        : Security audit event: type=REGISTER, userId=c5e2a1ae-b46c-42e2-ab80-d90d24e4d04b
2026-09-14T20:56:18.472+05:30  INFO 14756 --- [netra-backend] [           main] org.netra.core.audit.AuditService        : Security audit event: type=LOGIN_SUCCESS, userId=c5e2a1ae-b46c-42e2-ab80-d90d24e4d04b
2026-09-14T20:56:18.539+05:30  INFO 14756 --- [netra-backend] [           main] org.netra.core.audit.AuditService        : Security audit event: type=LOGIN_FAILURE, userId=c5e2a1ae-b46c-42e2-ab80-d90d24e4d04b
2026-09-14T20:56:18.540+05:30  WARN 14756 --- [netra-backend] [           main] o.n.c.exception.GlobalExceptionHandler   : Authentication failed: Invalid email or password
2026-09-14T20:56:18.545+05:30  INFO 14756 --- [netra-backend] [           main] org.netra.core.audit.AuditService        : Security audit event: type=LOGIN_FAILURE, userId=null
2026-09-14T20:56:18.546+05:30  WARN 14756 --- [netra-backend] [           main] o.n.c.exception.GlobalExceptionHandler   : Authentication failed: Invalid email or password
]]></system-out>
  </testcase>
  <testcase name="testRefreshRotationAndReuseAnomalyDetection" classname="org.netra.features.auth.AuthSecurityIntegrationTest" time="0.102">
    <system-out><![CDATA[2026-09-14T20:56:18.614+05:30  INFO 14756 --- [netra-backend] [           main] org.netra.core.audit.AuditService        : Security audit event: type=REGISTER, userId=7f99eed7-dead-45f4-9fe6-ed650f86909b
2026-09-14T20:56:18.626+05:30  INFO 14756 --- [netra-backend] [           main] org.netra.core.audit.AuditService        : Security audit event: type=REFRESH, userId=7f99eed7-dead-45f4-9fe6-ed650f86909b
2026-09-14T20:56:18.637+05:30  INFO 14756 --- [netra-backend] [           main] org.netra.core.audit.AuditService        : Security audit event: type=REFRESH_REUSE_DETECTED, userId=7f99eed7-dead-45f4-9fe6-ed650f86909b
2026-09-14T20:56:18.640+05:30  WARN 14756 --- [netra-backend] [           main] o.n.c.exception.GlobalExceptionHandler   : Security alert - Token reuse detected: Revoked refresh token reuse detected. All sessions terminated. Please sign in again.
2026-09-14T20:56:18.646+05:30  INFO 14756 --- [netra-backend] [           main] org.netra.core.audit.AuditService        : Security audit event: type=REFRESH_REUSE_DETECTED, userId=7f99eed7-dead-45f4-9fe6-ed650f86909b
2026-09-14T20:56:18.649+05:30  WARN 14756 --- [netra-backend] [           main] o.n.c.exception.GlobalExceptionHandler   : Security alert - Token reuse detected: Revoked refresh token reuse detected. All sessions terminated. Please sign in again.
]]></system-out>
  </testcase>
  <testcase name="testRegistrationSuccessAndPasswordHashing" classname="org.netra.features.auth.AuthSecurityIntegrationTest" time="0.143">
    <system-out><![CDATA[2026-09-14T20:56:18.719+05:30  INFO 14756 --- [netra-backend] [           main] org.netra.core.audit.AuditService        : Security audit event: type=REGISTER, userId=c35f765e-2bed-4dee-80a2-f7b38ec8a7ca
]]></system-out>
  </testcase>
</testsuite>