<?xml version="1.0" encoding="UTF-8"?>
<testsuite xmlns:xsi="http://www.w3.org/2001/XMLSchema-instance" xsi:noNamespaceSchemaLocation="https://maven.apache.org/surefire/maven-surefire-plugin/xsd/surefire-test-report-3.0.xsd" version="3.0" name="org.netra.features.bloodbank.BloodBankIntegrationTest" time="2.554" tests="27" errors="0" skipped="0" failures="0">
  <properties>
[...]
</properties>
  <testcase name="testExcessivePageSizeIsBounded" classname="org.netra.features.bloodbank.BloodBankIntegrationTest" time="0.036">
    <system-out><![CDATA[2026-09-15T20:28:30.268+05:30  INFO 3720 --- [netra-backend] [           main] t.c.s.AnnotationConfigContextLoaderUtils : Could not detect default configuration classes for test class [org.netra.features.bloodbank.BloodBankIntegrationTest]: BloodBankIntegrationTest does not declare any static, non-private, non-final, nested classes annotated with @Configuration.
2026-09-15T20:28:30.300+05:30  INFO 3720 --- [netra-backend] [           main] .b.t.c.SpringBootTestContextBootstrapper : Found @SpringBootConfiguration org.netra.NetraApplication for test class org.netra.features.bloodbank.BloodBankIntegrationTest
2026-09-15T20:28:30.331+05:30  WARN 3720 --- [netra-backend] [           main] ration$PageModule$WarningLoggingModifier : Serializing PageImpl instances as-is is not supported, meaning that there is no guarantee about the stability of the resulting JSON structure!
	For a stable JSON structure, please use Spring Data's PagedModel (globally via @EnableSpringDataWebSupport(pageSerializationMode = VIA_DTO))
	or Spring HATEOAS and Spring Data's PagedResourcesAssembler as documented in https://docs.spring.io/spring-data/commons/reference/repositories/core-extensions.html#core.web.pageables.

]]></system-out>
  </testcase>
  <testcase name="testStaffAccountLifecycleAuditEvents" classname="org.netra.features.bloodbank.BloodBankIntegrationTest" time="0.258">
    <system-out><![CDATA[2026-09-15T20:28:30.550+05:30  INFO 3720 --- [netra-backend] [           main] org.netra.core.audit.AuditService        : Security audit event: type=BLOOD_BANK_ACCOUNT_SUSPENDED, userId=45788251-60df-4b4a-8926-b86ac54b49c4
2026-09-15T20:28:30.575+05:30  INFO 3720 --- [netra-backend] [           main] org.netra.core.audit.AuditService        : Security audit event: type=BLOOD_BANK_ACCOUNT_REACTIVATED, userId=45788251-60df-4b4a-8926-b86ac54b49c4
2026-09-15T20:28:30.594+05:30  INFO 3720 --- [netra-backend] [           main] org.netra.core.audit.AuditService        : Security audit event: type=BLOOD_BANK_ACCOUNT_REVOKED, userId=45788251-60df-4b4a-8926-b86ac54b49c4
]]></system-out>
  </testcase>
  <testcase name="testCorsPreflightUntrustedOriginNotAllowed" classname="org.netra.features.bloodbank.BloodBankIntegrationTest" time="0.009"/>
  <testcase name="testUnauthorizedUserCannotUpdateInventory" classname="org.netra.features.bloodbank.BloodBankIntegrationTest" time="0.093"/>
  <testcase name="testSuspendedStaffAccountCannotManage" classname="org.netra.features.bloodbank.BloodBankIntegrationTest" time="0.095">
    <system-out><![CDATA[2026-09-15T20:28:30.803+05:30  WARN 3720 --- [netra-backend] [           main] o.n.f.b.s.BloodBankAuthorizationService  : Security Alert - BOLA/IDOR attempt: User 8188c396-6f8b-4117-96c3-ad3ee745e74b attempted to access blood bank 77a124b5-b8c5-4194-bf57-4728b2f1738b without an ACTIVE BloodBankAccount link
2026-09-15T20:28:30.804+05:30  WARN 3720 --- [netra-backend] [           main] o.n.c.exception.GlobalExceptionHandler   : Unauthorized session access attempt: User is not authorized to manage this blood bank.
]]></system-out>
  </testcase>
  <testcase name="testAuthorizedInventoryUpdateAndFreshness" classname="org.netra.features.bloodbank.BloodBankIntegrationTest" time="0.136">
    <system-out><![CDATA[2026-09-15T20:28:30.904+05:30  INFO 3720 --- [netra-backend] [           main] org.netra.core.audit.AuditService        : Security audit event: type=INVENTORY_UPDATED, userId=c3445bb0-01eb-4a1e-a589-981d46ee13ad
]]></system-out>
  </testcase>
  <testcase name="testStaffRoleGrantAndAccountCreationAuditEvents" classname="org.netra.features.bloodbank.BloodBankIntegrationTest" time="0.192">
    <system-out><![CDATA[2026-09-15T20:28:31.112+05:30  INFO 3720 --- [netra-backend] [           main] org.netra.core.audit.AuditService        : Security audit event: type=ROLE_GRANTED, userId=6a29116d-c3da-429d-a7f8-3d550d300489
2026-09-15T20:28:31.114+05:30  INFO 3720 --- [netra-backend] [           main] org.netra.core.audit.AuditService        : Security audit event: type=BLOOD_BANK_ACCOUNT_CREATED, userId=6a29116d-c3da-429d-a7f8-3d550d300489
]]></system-out>
  </testcase>
  <testcase name="testMultiRoleBloodBankAndReceiverCanUpdateInventory" classname="org.netra.features.bloodbank.BloodBankIntegrationTest" time="0.095">
    <system-out><![CDATA[2026-09-15T20:28:31.227+05:30  INFO 3720 --- [netra-backend] [           main] org.netra.core.audit.AuditService        : Security audit event: type=INVENTORY_UPDATED, userId=a00bebeb-3f77-4596-abfe-e8d66f28ea6e
]]></system-out>
  </testcase>
  <testcase name="testAdminCreatesBloodBankDefaultsToPending" classname="org.netra.features.bloodbank.BloodBankIntegrationTest" time="0.143">
    <system-out><![CDATA[2026-09-15T20:28:31.357+05:30  INFO 3720 --- [netra-backend] [           main] org.netra.core.audit.AuditService        : Security audit event: type=BLOOD_BANK_CREATED, userId=102034ef-4135-42a4-a517-27756e4418d9
]]></system-out>
  </testcase>
  <testcase name="testPublicDiscoveryAndCityFilter" classname="org.netra.features.bloodbank.BloodBankIntegrationTest" time="0.023"/>
  <testcase name="testSuspendedBloodBankCannotPerformInventoryUpdates" classname="org.netra.features.bloodbank.BloodBankIntegrationTest" time="0.084">
    <system-out><![CDATA[2026-09-15T20:28:31.482+05:30  WARN 3720 --- [netra-backend] [           main] o.n.c.exception.GlobalExceptionHandler   : Account status restriction: Suspended or rejected blood bank cannot perform inventory operations.
]]></system-out>
  </testcase>
  <testcase name="testAdminStaffAccountLinkingAndLifecycle" classname="org.netra.features.bloodbank.BloodBankIntegrationTest" time="0.174">
    <system-out><![CDATA[2026-09-15T20:28:31.645+05:30  INFO 3720 --- [netra-backend] [           main] org.netra.core.audit.AuditService        : Security audit event: type=ROLE_GRANTED, userId=c5a1724c-cb53-469e-a26d-a21d18baa63e
2026-09-15T20:28:31.647+05:30  INFO 3720 --- [netra-backend] [           main] org.netra.core.audit.AuditService        : Security audit event: type=BLOOD_BANK_ACCOUNT_CREATED, userId=c5a1724c-cb53-469e-a26d-a21d18baa63e
2026-09-15T20:28:31.655+05:30  INFO 3720 --- [netra-backend] [           main] org.netra.core.audit.AuditService        : Security audit event: type=BLOOD_BANK_ACCOUNT_SUSPENDED, userId=c5a1724c-cb53-469e-a26d-a21d18baa63e
]]></system-out>
  </testcase>
  <testcase name="testDonorAndReceiverCannotCreateBloodBank" classname="org.netra.features.bloodbank.BloodBankIntegrationTest" time="0.148"/>
  <testcase name="testGetBloodBankByIdWithoutCoordinatesReturnsNullDistance" classname="org.netra.features.bloodbank.BloodBankIntegrationTest" time="0.011"/>
  <testcase name="testNearbySearchDistanceAndValidation" classname="org.netra.features.bloodbank.BloodBankIntegrationTest" time="0.027">
    <system-out><![CDATA[2026-09-15T20:28:31.843+05:30  WARN 3720 --- [netra-backend] [           main] o.n.c.exception.GlobalExceptionHandler   : Validation error: Latitude must be between -90.0 and 90.0 degrees.
2026-09-15T20:28:31.846+05:30  WARN 3720 --- [netra-backend] [           main] o.n.c.exception.GlobalExceptionHandler   : Validation error: Search radius must be between 0.1 and 100.0 km.
]]></system-out>
  </testcase>
  <testcase name="testBloodGroupFilterReturnsBanksWithStock" classname="org.netra.features.bloodbank.BloodBankIntegrationTest" time="0.021"/>
  <testcase name="testDonorAndReceiverCannotModifyBloodBank" classname="org.netra.features.bloodbank.BloodBankIntegrationTest" time="0.083"/>
  <testcase name="testMultiRoleDonorAndAdminCanPerformAdminAction" classname="org.netra.features.bloodbank.BloodBankIntegrationTest" time="0.099">
    <system-out><![CDATA[2026-09-15T20:28:32.050+05:30  INFO 3720 --- [netra-backend] [           main] org.netra.core.audit.AuditService        : Security audit event: type=BLOOD_BANK_VERIFIED, userId=cd47fa4f-4725-416d-b362-eb61e8a4b452
]]></system-out>
  </testcase>
  <testcase name="testAdminTransitionsVerificationStatusAndInvalidTransitions" classname="org.netra.features.bloodbank.BloodBankIntegrationTest" time="0.202">
    <system-out><![CDATA[2026-09-15T20:28:32.212+05:30  WARN 3720 --- [netra-backend] [           main] o.n.c.exception.GlobalExceptionHandler   : Validation error: Invalid verification status transition from PENDING to SUSPENDED.
2026-09-15T20:28:32.222+05:30  INFO 3720 --- [netra-backend] [           main] org.netra.core.audit.AuditService        : Security audit event: type=BLOOD_BANK_VERIFIED, userId=13131d7a-8672-4fe7-81fd-90563132bffb
2026-09-15T20:28:32.239+05:30  INFO 3720 --- [netra-backend] [           main] org.netra.core.audit.AuditService        : Security audit event: type=BLOOD_BANK_SUSPENDED, userId=13131d7a-8672-4fe7-81fd-90563132bffb
2026-09-15T20:28:32.252+05:30  INFO 3720 --- [netra-backend] [           main] org.netra.core.audit.AuditService        : Security audit event: type=BLOOD_BANK_VERIFIED, userId=13131d7a-8672-4fe7-81fd-90563132bffb
]]></system-out>
  </testcase>
  <testcase name="testGetBloodBankByIdWithCoordinatesComputesDistance" classname="org.netra.features.bloodbank.BloodBankIntegrationTest" time="0.015"/>
  <testcase name="testUnauthenticatedUserCannotCreateBloodBank" classname="org.netra.features.bloodbank.BloodBankIntegrationTest" time="0.005"/>
  <testcase name="testMultiRoleDonorAndBloodBankStaffCanManageLinkedBank" classname="org.netra.features.bloodbank.BloodBankIntegrationTest" time="0.095">
    <system-out><![CDATA[2026-09-15T20:28:32.372+05:30  INFO 3720 --- [netra-backend] [           main] org.netra.core.audit.AuditService        : Security audit event: type=BLOOD_BANK_STATUS_CHANGED, userId=b384a31b-ee50-4a0d-9397-1b67545e5115
]]></system-out>
  </testcase>
  <testcase name="testNegativeUnitsRejected" classname="org.netra.features.bloodbank.BloodBankIntegrationTest" time="0.083"/>
  <testcase name="testCorsPreflightForPatchOperatingStatus" classname="org.netra.features.bloodbank.BloodBankIntegrationTest" time="0.008"/>
  <testcase name="testCorsPreflightForPatchVerification" classname="org.netra.features.bloodbank.BloodBankIntegrationTest" time="0.005"/>
  <testcase name="testStaffOwnershipAndIDORProtection" classname="org.netra.features.bloodbank.BloodBankIntegrationTest" time="0.257">
    <system-out><![CDATA[2026-09-15T20:28:32.657+05:30  INFO 3720 --- [netra-backend] [           main] org.netra.core.audit.AuditService        : Security audit event: type=INVENTORY_UPDATED, userId=83d3fc67-3840-446d-9ef2-38643afa9b4e
2026-09-15T20:28:32.671+05:30  WARN 3720 --- [netra-backend] [           main] o.n.f.b.s.BloodBankAuthorizationService  : Security Alert - BOLA/IDOR attempt: User 83d3fc67-3840-446d-9ef2-38643afa9b4e attempted to access blood bank 80681239-6dc8-4005-ba4b-3b20e26ec30e without an ACTIVE BloodBankAccount link
2026-09-15T20:28:32.672+05:30  WARN 3720 --- [netra-backend] [           main] o.n.c.exception.GlobalExceptionHandler   : Unauthorized session access attempt: User is not authorized to manage this blood bank.
2026-09-15T20:28:32.693+05:30  WARN 3720 --- [netra-backend] [           main] o.n.f.b.s.BloodBankAuthorizationService  : Security Alert - BOLA/IDOR attempt: User 83d3fc67-3840-446d-9ef2-38643afa9b4e attempted to access blood bank 80681239-6dc8-4005-ba4b-3b20e26ec30e without an ACTIVE BloodBankAccount link
2026-09-15T20:28:32.695+05:30  WARN 3720 --- [netra-backend] [           main] o.n.c.exception.GlobalExceptionHandler   : Unauthorized session access attempt: User is not authorized to manage this blood bank.
2026-09-15T20:28:32.711+05:30  INFO 3720 --- [netra-backend] [           main] org.netra.core.audit.AuditService        : Security audit event: type=BLOOD_BANK_UPDATED, userId=83d3fc67-3840-446d-9ef2-38643afa9b4e
2026-09-15T20:28:32.731+05:30  INFO 3720 --- [netra-backend] [           main] org.netra.core.audit.AuditService        : Security audit event: type=INVENTORY_UPDATED, userId=423ab0d7-7e6c-4f04-99fd-33bf1a2105fa
]]></system-out>
  </testcase>
  <testcase name="testMultiRoleDonorAndReceiverForbiddenFromAdminAction" classname="org.netra.features.bloodbank.BloodBankIntegrationTest" time="0.083"/>
</testsuite>