<?xml version="1.0" encoding="UTF-8"?>
<testsuite xmlns:xsi="http://www.w3.org/2001/XMLSchema-instance" xsi:noNamespaceSchemaLocation="https://maven.apache.org/surefire/maven-surefire-plugin/xsd/surefire-test-report-3.0.xsd" version="3.0" name="org.netra.features.auth.AuthSecurityIntegrationTest" time="8.16" tests="12" errors="0" skipped="0" failures="0">
  <properties>
[...]
</properties>
  <testcase name="testWeakPasswordRejected" classname="org.netra.features.auth.AuthSecurityIntegrationTest" time="0.5">
    <system-out><![CDATA[18:04:15.735 [main] INFO org.springframework.test.context.support.AnnotationConfigContextLoaderUtils -- Could not detect default configuration classes for test class [org.netra.features.auth.AuthSecurityIntegrationTest]: AuthSecurityIntegrationTest does not declare any static, non-private, non-final, nested classes annotated with @Configuration.
18:04:15.870 [main] INFO org.springframework.boot.test.context.SpringBootTestContextBootstrapper -- Found @SpringBootConfiguration org.netra.NetraApplication for test class org.netra.features.auth.AuthSecurityIntegrationTest

  .   ____          _            __ _ _
 /\\ / ___'_ __ _ _(_)_ __  __ _ \ \ \ \
( ( )\___ | '_ | '_| | '_ \/ _` | \ \ \ \
 \\/  ___)| |_)| | | | | || (_| |  ) ) ) )
  '  |____| .__|_| |_|_| |_\__, | / / / /
 =========|_|==============|___/=/_/_/_/

 :: Spring Boot ::                (v3.3.4)

2026-09-15T18:04:16.302+05:30  INFO 1864 --- [netra-backend] [           main] o.n.f.auth.AuthSecurityIntegrationTest   : Starting AuthSecurityIntegrationTest using Java 25.0.1 with PID 1864 (started by SHUBHAM in C:\Users\SHUBHAM\Desktop\Netra\backend)
2026-09-15T18:04:16.303+05:30  INFO 1864 --- [netra-backend] [           main] o.n.f.auth.AuthSecurityIntegrationTest   : The following 1 profile is active: "dev"
2026-09-15T18:04:17.074+05:30  INFO 1864 --- [netra-backend] [           main] .s.d.r.c.RepositoryConfigurationDelegate : Bootstrapping Spring Data JPA repositories in DEFAULT mode.
2026-09-15T18:04:17.172+05:30  INFO 1864 --- [netra-backend] [           main] .s.d.r.c.RepositoryConfigurationDelegate : Finished Spring Data repository scanning in 91 ms. Found 10 JPA repository interfaces.
2026-09-15T18:04:17.767+05:30  INFO 1864 --- [netra-backend] [           main] o.hibernate.jpa.internal.util.LogHelper  : HHH000204: Processing PersistenceUnitInfo [name: default]
2026-09-15T18:04:17.821+05:30  INFO 1864 --- [netra-backend] [           main] org.hibernate.Version                    : HHH000412: Hibernate ORM core version 6.5.3.Final
2026-09-15T18:04:17.853+05:30  INFO 1864 --- [netra-backend] [           main] o.h.c.internal.RegionFactoryInitiator    : HHH000026: Second-level cache disabled
2026-09-15T18:04:18.176+05:30  INFO 1864 --- [netra-backend] [           main] o.s.o.j.p.SpringPersistenceUnitInfo      : No LoadTimeWeaver setup: ignoring JPA class transformer
2026-09-15T18:04:18.207+05:30  INFO 1864 --- [netra-backend] [           main] com.zaxxer.hikari.HikariDataSource       : HikariPool-1 - Starting...
2026-09-15T18:04:18.356+05:30  INFO 1864 --- [netra-backend] [           main] com.zaxxer.hikari.pool.HikariPool        : HikariPool-1 - Added connection conn0: url=jdbc:h2:mem:netradb user=SA
2026-09-15T18:04:18.359+05:30  INFO 1864 --- [netra-backend] [           main] com.zaxxer.hikari.HikariDataSource       : HikariPool-1 - Start completed.
2026-09-15T18:04:18.377+05:30  WARN 1864 --- [netra-backend] [           main] org.hibernate.orm.deprecation            : HHH90000025: H2Dialect does not need to be specified explicitly using 'hibernate.dialect' (remove the property setting and it will be selected by default)
2026-09-15T18:04:19.373+05:30  INFO 1864 --- [netra-backend] [           main] o.h.e.t.j.p.i.JtaPlatformInitiator       : HHH000489: No JTA platform available (set 'hibernate.transaction.jta.platform' to enable JTA platform integration)
2026-09-15T18:04:19.442+05:30  INFO 1864 --- [netra-backend] [           main] j.LocalContainerEntityManagerFactoryBean : Initialized JPA EntityManagerFactory for persistence unit 'default'
2026-09-15T18:04:19.899+05:30  INFO 1864 --- [netra-backend] [           main] o.s.d.j.r.query.QueryEnhancerFactory     : Hibernate is in classpath; If applicable, HQL parser will be used.
2026-09-15T18:04:20.347+05:30  WARN 1864 --- [netra-backend] [           main] JpaBaseConfiguration$JpaWebConfiguration : spring.jpa.open-in-view is enabled by default. Therefore, database queries may be performed during view rendering. Explicitly configure spring.jpa.open-in-view to disable this warning
2026-09-15T18:04:20.370+05:30  WARN 1864 --- [netra-backend] [           main] .s.s.UserDetailsServiceAutoConfiguration : 

Using generated security password: a1996471-a6d5-4f5d-9bb5-9669a5c66123

This generated password is for development use only. Your security configuration must be updated before running your application in production.

2026-09-15T18:04:20.378+05:30  INFO 1864 --- [netra-backend] [           main] r$InitializeUserDetailsManagerConfigurer : Global AuthenticationManager configured with UserDetailsService bean with name inMemoryUserDetailsManager
2026-09-15T18:04:21.213+05:30  INFO 1864 --- [netra-backend] [           main] o.s.b.t.m.w.SpringBootMockServletContext : Initializing Spring TestDispatcherServlet ''
2026-09-15T18:04:21.214+05:30  INFO 1864 --- [netra-backend] [           main] o.s.t.web.servlet.TestDispatcherServlet  : Initializing Servlet ''
2026-09-15T18:04:21.214+05:30  INFO 1864 --- [netra-backend] [           main] o.s.t.web.servlet.TestDispatcherServlet  : Completed initialization in 0 ms
2026-09-15T18:04:21.235+05:30  INFO 1864 --- [netra-backend] [           main] o.n.f.auth.AuthSecurityIntegrationTest   : Started AuthSecurityIntegrationTest in 5.251 seconds (process running for 6.222)
2026-09-15T18:04:21.343+05:30  INFO 1864 --- [netra-backend] [           main] org.netra.NetraApplication               : Seeding baseline eligibility questions for version: INDIA-NBTC-2026-01
2026-09-15T18:04:21.399+05:30  INFO 1864 --- [netra-backend] [           main] org.netra.NetraApplication               : Seeded 16 questions successfully.
2026-09-15T18:04:21.420+05:30  INFO 1864 --- [netra-backend] [           main] org.netra.NetraApplication               : Seeding baseline eligibility rules for version: INDIA-NBTC-2026-01
2026-09-15T18:04:21.441+05:30  INFO 1864 --- [netra-backend] [           main] org.netra.NetraApplication               : Seeded 8 rules successfully.
2026-09-15T18:04:21.942+05:30  WARN 1864 --- [netra-backend] [           main] o.n.c.exception.GlobalExceptionHandler   : Password policy violation: Password must contain at least one digit.
]]></system-out>
    <system-err><![CDATA[WARNING: A Java agent has been loaded dynamically (C:\Users\SHUBHAM\.m2\repository\net\bytebuddy\byte-buddy-agent\1.14.19\byte-buddy-agent-1.14.19.jar)
WARNING: If a serviceability tool is in use, please run with -XX:+EnableDynamicAgentLoading to hide this warning
WARNING: If a serviceability tool is not in use, please run with -Djdk.instrument.traceUsage for more information
WARNING: Dynamic loading of agents will be disallowed by default in a future release
]]></system-err>
  </testcase>
  <testcase name="testDuplicateEmailRegistration" classname="org.netra.features.auth.AuthSecurityIntegrationTest" time="0.226">
    <system-out><![CDATA[2026-09-15T18:04:22.047+05:30  INFO 1864 --- [netra-backend] [           main] org.netra.core.audit.AuditService        : Security audit event: type=REGISTER, userId=db82b011-ec61-44b8-b4aa-511d53cf0d5e
2026-09-15T18:04:22.148+05:30  WARN 1864 --- [netra-backend] [           main] o.n.c.exception.GlobalExceptionHandler   : Registration conflict: An account with this email address already exists.
]]></system-out>
  </testcase>
  <testcase name="testSuspendedAndDeactivatedUsersBlocked" classname="org.netra.features.auth.AuthSecurityIntegrationTest" time="0.319">
    <system-out><![CDATA[2026-09-15T18:04:22.329+05:30  INFO 1864 --- [netra-backend] [           main] org.netra.core.audit.AuditService        : Security audit event: type=LOGIN_BLOCKED, userId=f43c4347-ce8d-48a8-bd80-42acbf37fe5f
2026-09-15T18:04:22.330+05:30  WARN 1864 --- [netra-backend] [           main] o.n.c.exception.GlobalExceptionHandler   : Account status restriction: Your account has been suspended. Please contact support.
2026-09-15T18:04:22.497+05:30  INFO 1864 --- [netra-backend] [           main] org.netra.core.audit.AuditService        : Security audit event: type=LOGIN_BLOCKED, userId=012282fc-c04d-4e9e-b50c-0ba9ba36cd29
2026-09-15T18:04:22.499+05:30  WARN 1864 --- [netra-backend] [           main] o.n.c.exception.GlobalExceptionHandler   : Account status restriction: Your account has been deactivated.
]]></system-out>
  </testcase>
  <testcase name="testAccessTokenValidationAndRejection" classname="org.netra.features.auth.AuthSecurityIntegrationTest" time="0.084">
    <system-out><![CDATA[2026-09-15T18:04:22.587+05:30  WARN 1864 --- [netra-backend] [           main] o.netra.core.security.JwtTokenProvider   : Invalid JWT token: JWT signature does not match locally computed signature. JWT validity cannot be asserted and should not be trusted.
]]></system-out>
  </testcase>
  <testcase name="testIdorProfileProtection" classname="org.netra.features.auth.AuthSecurityIntegrationTest" time="0.212">
    <system-out><![CDATA[2026-09-15T18:04:22.790+05:30  WARN 1864 --- [netra-backend] [           main] o.n.c.exception.GlobalExceptionHandler   : Unauthorized session access attempt: Access denied. You do not have permission to access another user's profile.
]]></system-out>
  </testcase>
  <testcase name="testAuthRateLimiting" classname="org.netra.features.auth.AuthSecurityIntegrationTest" time="0.151">
    <system-out><![CDATA[2026-09-15T18:04:22.810+05:30  INFO 1864 --- [netra-backend] [           main] org.netra.core.audit.AuditService        : Security audit event: type=LOGIN_FAILURE, userId=null
2026-09-15T18:04:22.812+05:30  WARN 1864 --- [netra-backend] [           main] o.n.c.exception.GlobalExceptionHandler   : Authentication failed: Invalid email or password
2026-09-15T18:04:22.819+05:30  INFO 1864 --- [netra-backend] [           main] org.netra.core.audit.AuditService        : Security audit event: type=LOGIN_FAILURE, userId=null
2026-09-15T18:04:22.821+05:30  WARN 1864 --- [netra-backend] [           main] o.n.c.exception.GlobalExceptionHandler   : Authentication failed: Invalid email or password
2026-09-15T18:04:22.826+05:30  INFO 1864 --- [netra-backend] [           main] org.netra.core.audit.AuditService        : Security audit event: type=LOGIN_FAILURE, userId=null
2026-09-15T18:04:22.828+05:30  WARN 1864 --- [netra-backend] [           main] o.n.c.exception.GlobalExceptionHandler   : Authentication failed: Invalid email or password
2026-09-15T18:04:22.835+05:30  INFO 1864 --- [netra-backend] [           main] org.netra.core.audit.AuditService        : Security audit event: type=LOGIN_FAILURE, userId=null
2026-09-15T18:04:22.837+05:30  WARN 1864 --- [netra-backend] [           main] o.n.c.exception.GlobalExceptionHandler   : Authentication failed: Invalid email or password
2026-09-15T18:04:22.842+05:30  INFO 1864 --- [netra-backend] [           main] org.netra.core.audit.AuditService        : Security audit event: type=LOGIN_FAILURE, userId=null
2026-09-15T18:04:22.844+05:30  WARN 1864 --- [netra-backend] [           main] o.n.c.exception.GlobalExceptionHandler   : Authentication failed: Invalid email or password
2026-09-15T18:04:22.848+05:30  INFO 1864 --- [netra-backend] [           main] org.netra.core.audit.AuditService        : Security audit event: type=LOGIN_FAILURE, userId=null
2026-09-15T18:04:22.850+05:30  WARN 1864 --- [netra-backend] [           main] o.n.c.exception.GlobalExceptionHandler   : Authentication failed: Invalid email or password
2026-09-15T18:04:22.855+05:30  INFO 1864 --- [netra-backend] [           main] org.netra.core.audit.AuditService        : Security audit event: type=LOGIN_FAILURE, userId=null
2026-09-15T18:04:22.857+05:30  WARN 1864 --- [netra-backend] [           main] o.n.c.exception.GlobalExceptionHandler   : Authentication failed: Invalid email or password
2026-09-15T18:04:22.862+05:30  INFO 1864 --- [netra-backend] [           main] org.netra.core.audit.AuditService        : Security audit event: type=LOGIN_FAILURE, userId=null
2026-09-15T18:04:22.863+05:30  WARN 1864 --- [netra-backend] [           main] o.n.c.exception.GlobalExceptionHandler   : Authentication failed: Invalid email or password
2026-09-15T18:04:22.868+05:30  INFO 1864 --- [netra-backend] [           main] org.netra.core.audit.AuditService        : Security audit event: type=LOGIN_FAILURE, userId=null
2026-09-15T18:04:22.869+05:30  WARN 1864 --- [netra-backend] [           main] o.n.c.exception.GlobalExceptionHandler   : Authentication failed: Invalid email or password
2026-09-15T18:04:22.874+05:30  INFO 1864 --- [netra-backend] [           main] org.netra.core.audit.AuditService        : Security audit event: type=LOGIN_FAILURE, userId=null
2026-09-15T18:04:22.875+05:30  WARN 1864 --- [netra-backend] [           main] o.n.c.exception.GlobalExceptionHandler   : Authentication failed: Invalid email or password
2026-09-15T18:04:22.880+05:30  INFO 1864 --- [netra-backend] [           main] org.netra.core.audit.AuditService        : Security audit event: type=LOGIN_FAILURE, userId=null
2026-09-15T18:04:22.881+05:30  WARN 1864 --- [netra-backend] [           main] o.n.c.exception.GlobalExceptionHandler   : Authentication failed: Invalid email or password
2026-09-15T18:04:22.888+05:30  INFO 1864 --- [netra-backend] [           main] org.netra.core.audit.AuditService        : Security audit event: type=LOGIN_FAILURE, userId=null
2026-09-15T18:04:22.889+05:30  WARN 1864 --- [netra-backend] [           main] o.n.c.exception.GlobalExceptionHandler   : Authentication failed: Invalid email or password
2026-09-15T18:04:22.895+05:30  INFO 1864 --- [netra-backend] [           main] org.netra.core.audit.AuditService        : Security audit event: type=LOGIN_FAILURE, userId=null
2026-09-15T18:04:22.897+05:30  WARN 1864 --- [netra-backend] [           main] o.n.c.exception.GlobalExceptionHandler   : Authentication failed: Invalid email or password
2026-09-15T18:04:22.904+05:30  INFO 1864 --- [netra-backend] [           main] org.netra.core.audit.AuditService        : Security audit event: type=LOGIN_FAILURE, userId=null
2026-09-15T18:04:22.905+05:30  WARN 1864 --- [netra-backend] [           main] o.n.c.exception.GlobalExceptionHandler   : Authentication failed: Invalid email or password
2026-09-15T18:04:22.912+05:30  INFO 1864 --- [netra-backend] [           main] org.netra.core.audit.AuditService        : Security audit event: type=LOGIN_FAILURE, userId=null
2026-09-15T18:04:22.914+05:30  WARN 1864 --- [netra-backend] [           main] o.n.c.exception.GlobalExceptionHandler   : Authentication failed: Invalid email or password
2026-09-15T18:04:22.922+05:30  INFO 1864 --- [netra-backend] [           main] org.netra.core.audit.AuditService        : Security audit event: type=LOGIN_FAILURE, userId=null
2026-09-15T18:04:22.923+05:30  WARN 1864 --- [netra-backend] [           main] o.n.c.exception.GlobalExceptionHandler   : Authentication failed: Invalid email or password
2026-09-15T18:04:22.928+05:30  INFO 1864 --- [netra-backend] [           main] org.netra.core.audit.AuditService        : Security audit event: type=LOGIN_FAILURE, userId=null
2026-09-15T18:04:22.929+05:30  WARN 1864 --- [netra-backend] [           main] o.n.c.exception.GlobalExceptionHandler   : Authentication failed: Invalid email or password
2026-09-15T18:04:22.934+05:30  INFO 1864 --- [netra-backend] [           main] org.netra.core.audit.AuditService        : Security audit event: type=LOGIN_FAILURE, userId=null
2026-09-15T18:04:22.935+05:30  WARN 1864 --- [netra-backend] [           main] o.n.c.exception.GlobalExceptionHandler   : Authentication failed: Invalid email or password
2026-09-15T18:04:22.940+05:30  INFO 1864 --- [netra-backend] [           main] org.netra.core.audit.AuditService        : Security audit event: type=LOGIN_FAILURE, userId=null
2026-09-15T18:04:22.941+05:30  WARN 1864 --- [netra-backend] [           main] o.n.c.exception.GlobalExceptionHandler   : Authentication failed: Invalid email or password
2026-09-15T18:04:22.945+05:30  INFO 1864 --- [netra-backend] [           main] org.netra.core.audit.AuditService        : Security audit event: type=LOGIN_FAILURE, userId=null
2026-09-15T18:04:22.946+05:30  WARN 1864 --- [netra-backend] [           main] o.n.c.exception.GlobalExceptionHandler   : Authentication failed: Invalid email or password
2026-09-15T18:04:22.949+05:30  WARN 1864 --- [netra-backend] [           main] o.n.c.exception.GlobalExceptionHandler   : Rate limit exceeded: Too many eligibility requests. Please wait a moment before trying again.
]]></system-out>
  </testcase>
  <testcase name="testLogoutAndLogoutAll" classname="org.netra.features.auth.AuthSecurityIntegrationTest" time="0.217">
    <system-out><![CDATA[2026-09-15T18:04:23.023+05:30  INFO 1864 --- [netra-backend] [           main] org.netra.core.audit.AuditService        : Security audit event: type=REGISTER, userId=829cdc3c-4d72-4b66-bb51-87d845f99ac3
2026-09-15T18:04:23.047+05:30  INFO 1864 --- [netra-backend] [           main] org.netra.core.audit.AuditService        : Security audit event: type=LOGOUT, userId=829cdc3c-4d72-4b66-bb51-87d845f99ac3
2026-09-15T18:04:23.066+05:30  INFO 1864 --- [netra-backend] [           main] org.netra.core.audit.AuditService        : Security audit event: type=REFRESH_REUSE_DETECTED, userId=829cdc3c-4d72-4b66-bb51-87d845f99ac3
2026-09-15T18:04:23.076+05:30  WARN 1864 --- [netra-backend] [           main] o.n.c.exception.GlobalExceptionHandler   : Security alert - Token reuse detected: Revoked refresh token reuse detected. All sessions terminated. Please sign in again.
2026-09-15T18:04:23.146+05:30  INFO 1864 --- [netra-backend] [           main] org.netra.core.audit.AuditService        : Security audit event: type=LOGIN_SUCCESS, userId=829cdc3c-4d72-4b66-bb51-87d845f99ac3
2026-09-15T18:04:23.160+05:30  INFO 1864 --- [netra-backend] [           main] org.netra.core.audit.AuditService        : Security audit event: type=LOGOUT_ALL, userId=829cdc3c-4d72-4b66-bb51-87d845f99ac3
2026-09-15T18:04:23.167+05:30  INFO 1864 --- [netra-backend] [           main] org.netra.core.audit.AuditService        : Security audit event: type=REFRESH_REUSE_DETECTED, userId=829cdc3c-4d72-4b66-bb51-87d845f99ac3
2026-09-15T18:04:23.170+05:30  WARN 1864 --- [netra-backend] [           main] o.n.c.exception.GlobalExceptionHandler   : Security alert - Token reuse detected: Revoked refresh token reuse detected. All sessions terminated. Please sign in again.
]]></system-out>
  </testcase>
  <testcase name="testSensitiveDataNotLeakedInProfile" classname="org.netra.features.auth.AuthSecurityIntegrationTest" time="0.075"/>
  <testcase name="testRoleEscalationBlocked" classname="org.netra.features.auth.AuthSecurityIntegrationTest" time="0.078">
    <system-out><![CDATA[2026-09-15T18:04:23.316+05:30  INFO 1864 --- [netra-backend] [           main] org.netra.core.audit.AuditService        : Security audit event: type=REGISTER, userId=d0cb691c-448a-437f-9525-d9af1d8590ec
]]></system-out>
  </testcase>
  <testcase name="testLoginScenarios" classname="org.netra.features.auth.AuthSecurityIntegrationTest" time="0.21">
    <system-out><![CDATA[2026-09-15T18:04:23.396+05:30  INFO 1864 --- [netra-backend] [           main] org.netra.core.audit.AuditService        : Security audit event: type=REGISTER, userId=06ad4ec6-83cd-44cb-bfb6-1940db586688
2026-09-15T18:04:23.463+05:30  INFO 1864 --- [netra-backend] [           main] org.netra.core.audit.AuditService        : Security audit event: type=LOGIN_SUCCESS, userId=06ad4ec6-83cd-44cb-bfb6-1940db586688
2026-09-15T18:04:23.531+05:30  INFO 1864 --- [netra-backend] [           main] org.netra.core.audit.AuditService        : Security audit event: type=LOGIN_FAILURE, userId=06ad4ec6-83cd-44cb-bfb6-1940db586688
2026-09-15T18:04:23.532+05:30  WARN 1864 --- [netra-backend] [           main] o.n.c.exception.GlobalExceptionHandler   : Authentication failed: Invalid email or password
2026-09-15T18:04:23.537+05:30  INFO 1864 --- [netra-backend] [           main] org.netra.core.audit.AuditService        : Security audit event: type=LOGIN_FAILURE, userId=null
2026-09-15T18:04:23.538+05:30  WARN 1864 --- [netra-backend] [           main] o.n.c.exception.GlobalExceptionHandler   : Authentication failed: Invalid email or password
]]></system-out>
  </testcase>
  <testcase name="testRefreshRotationAndReuseAnomalyDetection" classname="org.netra.features.auth.AuthSecurityIntegrationTest" time="0.101">
    <system-out><![CDATA[2026-09-15T18:04:23.607+05:30  INFO 1864 --- [netra-backend] [           main] org.netra.core.audit.AuditService        : Security audit event: type=REGISTER, userId=35cd47e5-a5fb-4d33-aaf8-aa5bfedc35b8
2026-09-15T18:04:23.619+05:30  INFO 1864 --- [netra-backend] [           main] org.netra.core.audit.AuditService        : Security audit event: type=REFRESH, userId=35cd47e5-a5fb-4d33-aaf8-aa5bfedc35b8
2026-09-15T18:04:23.629+05:30  INFO 1864 --- [netra-backend] [           main] org.netra.core.audit.AuditService        : Security audit event: type=REFRESH_REUSE_DETECTED, userId=35cd47e5-a5fb-4d33-aaf8-aa5bfedc35b8
2026-09-15T18:04:23.631+05:30  WARN 1864 --- [netra-backend] [           main] o.n.c.exception.GlobalExceptionHandler   : Security alert - Token reuse detected: Revoked refresh token reuse detected. All sessions terminated. Please sign in again.
2026-09-15T18:04:23.637+05:30  INFO 1864 --- [netra-backend] [           main] org.netra.core.audit.AuditService        : Security audit event: type=REFRESH_REUSE_DETECTED, userId=35cd47e5-a5fb-4d33-aaf8-aa5bfedc35b8
2026-09-15T18:04:23.640+05:30  WARN 1864 --- [netra-backend] [           main] o.n.c.exception.GlobalExceptionHandler   : Security alert - Token reuse detected: Revoked refresh token reuse detected. All sessions terminated. Please sign in again.
]]></system-out>
  </testcase>
  <testcase name="testRegistrationSuccessAndPasswordHashing" classname="org.netra.features.auth.AuthSecurityIntegrationTest" time="0.131">
    <system-out><![CDATA[2026-09-15T18:04:23.710+05:30  INFO 1864 --- [netra-backend] [           main] org.netra.core.audit.AuditService        : Security audit event: type=REGISTER, userId=178ebee2-8c3b-4a83-a2fb-2615f2cadc56
]]></system-out>
  </testcase>
</testsuite>